<?xml version="1.0" encoding="UTF-8"?>
<!-- Generated by org.testng.reporters.JUnitXMLReporter -->
<testsuite ignored="1" hostname="Sujatas-MacBook-Air.local" failures="0" tests="7" name="Test" time="0.768" errors="0" timestamp="03 Jan 2023 22:47:03 GMT">
  <testcase classname="com.university.tests.StudentTest" name="testStudentUniversity_1" time="0.221"/>
  <testcase classname="com.university.tests.StudentTest" name="testStudentUniversity_2" time="0.012"/>
  <testcase classname="com.university.tests.StudentTest" name="testStudentUniversity_3counts" time="0.016"/>
  <testcase classname="com.university.tests.StudentTest" name="testStudentUniversity_4All" time="0.01"/>
  <testcase classname="com.university.tests.UniversityTest" name="testUniversity_1usernames" time="0.005"/>
  <testcase classname="com.university.tests.UniversityTest" name="testUniversity_2student" time="0.017"/>
  <testcase classname="com.university.tests.UniversityTest" name="testUniversity_3" time="0.013"/>
  <testcase classname="com.university.tests.BaseTest" name="@BeforeTest loadData" time="0.0">
    <ignored/>
  </testcase> <!-- @BeforeTest loadData -->
</testsuite> <!-- Test -->
