<?xml version="1.0" encoding="UTF-8"?>
<testng-results ignored="0" total="3" passed="2" failed="0" skipped="1">
  <reporter-output>
  </reporter-output>
  <suite started-at="2023-01-01T01:04:47Z" name="Suite-classLevel" finished-at="2023-01-01T01:05:48Z" duration-ms="60732">
    <groups>
    </groups>
    <test started-at="2023-01-01T01:04:47Z" name="Test" finished-at="2023-01-01T01:05:48Z" duration-ms="60732">
      <class name="com.tests.GoogleSearchTests2">
        <test-method is-config="true" signature="setup(java.lang.String)[pri:0, instance:com.tests.GoogleSearchTests2@783a467b]" started-at="2023-01-01T01:04:47Z" name="setup" finished-at="2023-01-01T01:05:06Z" duration-ms="18843" status="PASS">
          <params>
            <param index="0">
              <value>
                <![CDATA[chrome]]>
              </value>
            </param>
          </params>
          <reporter-output>
          </reporter-output>
        </test-method> <!-- setup -->
        <test-method signature="searchTest21()[pri:0, instance:com.tests.GoogleSearchTests2@783a467b]" started-at="2023-01-01T01:05:06Z" name="searchTest21" finished-at="2023-01-01T01:05:12Z" duration-ms="6341" status="PASS">
          <reporter-output>
          </reporter-output>
        </test-method> <!-- searchTest21 -->
        <test-method is-config="true" signature="teardown()[pri:0, instance:com.tests.GoogleSearchTests2@783a467b]" started-at="2023-01-01T01:05:12Z" name="teardown" finished-at="2023-01-01T01:05:13Z" duration-ms="273" status="PASS">
          <reporter-output>
          </reporter-output>
        </test-method> <!-- teardown -->
        <test-method is-config="true" signature="setup(java.lang.String)[pri:0, instance:com.tests.GoogleSearchTests2@783a467b]" started-at="2023-01-01T01:05:13Z" name="setup" finished-at="2023-01-01T01:05:26Z" duration-ms="13714" status="PASS">
          <params>
            <param index="0">
              <value>
                <![CDATA[chrome]]>
              </value>
            </param>
          </params>
          <reporter-output>
          </reporter-output>
        </test-method> <!-- setup -->
        <test-method signature="searchTest22()[pri:0, instance:com.tests.GoogleSearchTests2@783a467b]" started-at="2023-01-01T01:05:26Z" name="searchTest22" finished-at="2023-01-01T01:05:33Z" duration-ms="6987" status="PASS">
          <reporter-output>
          </reporter-output>
        </test-method> <!-- searchTest22 -->
        <test-method is-config="true" signature="teardown()[pri:0, instance:com.tests.GoogleSearchTests2@783a467b]" started-at="2023-01-01T01:05:33Z" name="teardown" finished-at="2023-01-01T01:05:33Z" duration-ms="198" status="PASS">
          <reporter-output>
          </reporter-output>
        </test-method> <!-- teardown -->
        <test-method is-config="true" signature="setup(java.lang.String)[pri:0, instance:com.tests.GoogleSearchTests2@783a467b]" started-at="2023-01-01T01:05:33Z" name="setup" finished-at="2023-01-01T01:05:48Z" duration-ms="14128" status="PASS">
          <params>
            <param index="0">
              <value>
                <![CDATA[chrome]]>
              </value>
            </param>
          </params>
          <reporter-output>
          </reporter-output>
        </test-method> <!-- setup -->
        <test-method signature="searchTest23()[pri:0, instance:com.tests.GoogleSearchTests2@783a467b]" started-at="2023-01-01T01:05:48Z" name="searchTest23" finished-at="2023-01-01T01:05:48Z" duration-ms="10" status="SKIP">
          <exception class="org.testng.SkipException">
            <message>
              <![CDATA[Test is being skipped]]>
            </message>
            <full-stacktrace>
              <![CDATA[org.testng.SkipException: Test is being skipped
at com.tests.GoogleSearchTests2.searchTest23(GoogleSearchTests2.java:73)
at java.base/jdk.internal.reflect.NativeMethodAccessorImpl.invoke0(Native Method)
at java.base/jdk.internal.reflect.NativeMethodAccessorImpl.invoke(NativeMethodAccessorImpl.java:77)
at java.base/jdk.internal.reflect.DelegatingMethodAccessorImpl.invoke(DelegatingMethodAccessorImpl.java:43)
at java.base/java.lang.reflect.Method.invoke(Method.java:568)
at org.testng.internal.MethodInvocationHelper.invokeMethod(MethodInvocationHelper.java:124)
at org.testng.internal.Invoker.invokeMethod(Invoker.java:583)
at org.testng.internal.Invoker.invokeTestMethod(Invoker.java:719)
at org.testng.internal.Invoker.invokeTestMethods(Invoker.java:989)
at org.testng.internal.TestMethodWorker.invokeTestMethods(TestMethodWorker.java:125)
at org.testng.internal.TestMethodWorker.run(TestMethodWorker.java:109)
at org.testng.TestRunner.privateRun(TestRunner.java:648)
at org.testng.TestRunner.run(TestRunner.java:505)
at org.testng.SuiteRunner.runTest(SuiteRunner.java:455)
at org.testng.SuiteRunner.runSequentially(SuiteRunner.java:450)
at org.testng.SuiteRunner.privateRun(SuiteRunner.java:415)
at org.testng.SuiteRunner.run(SuiteRunner.java:364)
at org.testng.SuiteRunnerWorker.runSuite(SuiteRunnerWorker.java:52)
at org.testng.SuiteRunnerWorker.run(SuiteRunnerWorker.java:84)
at org.testng.TestNG.runSuitesSequentially(TestNG.java:1208)
at org.testng.TestNG.runSuitesLocally(TestNG.java:1137)
at org.testng.TestNG.runSuites(TestNG.java:1049)
at org.testng.TestNG.run(TestNG.java:1017)
at org.testng.remote.AbstractRemoteTestNG.run(AbstractRemoteTestNG.java:115)
at org.testng.remote.RemoteTestNG.initAndRun(RemoteTestNG.java:251)
at org.testng.remote.RemoteTestNG.main(RemoteTestNG.java:77)
]]>
            </full-stacktrace>
          </exception> <!-- org.testng.SkipException -->
          <reporter-output>
          </reporter-output>
        </test-method> <!-- searchTest23 -->
        <test-method is-config="true" signature="teardown()[pri:0, instance:com.tests.GoogleSearchTests2@783a467b]" started-at="2023-01-01T01:05:48Z" name="teardown" finished-at="2023-01-01T01:05:48Z" duration-ms="150" status="PASS">
          <reporter-output>
          </reporter-output>
        </test-method> <!-- teardown -->
      </class> <!-- com.tests.GoogleSearchTests2 -->
    </test> <!-- Test -->
  </suite> <!-- Suite-classLevel -->
</testng-results>
