<?xml version="1.0" encoding="UTF-8"?>
<!-- Generated by org.testng.reporters.JUnitXMLReporter -->
<testsuite ignored="0" hostname="Sujatas-MacBook-Air.local" failures="0" tests="3" name="GoogleTest-firefox" time="18.93" errors="0" timestamp="02 Jan 2023 07:34:49 GMT">
  <testcase classname="com.tests.GoogleSearchTests2" name="searchTest21" time="0.426"/>
  <testcase classname="com.tests.GoogleSearchTests2" name="searchTest22" time="0.428"/>
  <testcase classname="com.tests.GoogleSearchTests2" name="searchTest23" time="0.003">
    <skipped/>
  </testcase> <!-- searchTest23 -->
</testsuite> <!-- GoogleTest-firefox -->
