<?xml version="1.0" encoding="UTF-8"?>
<!-- Generated by org.testng.reporters.JUnitXMLReporter -->
<testsuite ignored="0" hostname="Sujatas-MacBook-Air.local" failures="0" tests="3" name="GoogleTest-firefox" time="19.501" errors="0" timestamp="01 Jan 2023 02:03:08 GMT">
  <testcase classname="com.tests.GoogleSearchTests2" name="searchTest21" time="0.452"/>
  <testcase classname="com.tests.GoogleSearchTests2" name="searchTest22" time="0.423"/>
  <testcase classname="com.tests.GoogleSearchTests2" name="searchTest23" time="0.012">
    <skipped/>
  </testcase> <!-- searchTest23 -->
</testsuite> <!-- GoogleTest-firefox -->
