<?xml version="1.0" encoding="UTF-8"?>
<!-- Generated by org.testng.reporters.JUnitXMLReporter -->
<testsuite ignored="0" hostname="Sujatas-MacBook-Air.local" failures="0" tests="3" name="Test" time="60.732" errors="0" timestamp="01 Jan 2023 01:05:48 GMT">
  <testcase classname="com.tests.GoogleSearchTests2" name="searchTest21" time="6.341"/>
  <testcase classname="com.tests.GoogleSearchTests2" name="searchTest22" time="6.987"/>
  <testcase classname="com.tests.GoogleSearchTests2" name="searchTest23" time="0.01">
    <skipped/>
  </testcase> <!-- searchTest23 -->
</testsuite> <!-- Test -->
