<?xml version="1.0" encoding="UTF-8"?>
<!-- Generated by org.testng.reporters.JUnitXMLReporter -->
<testsuite hostname="Sujatas-MacBook-Air.local" ignored="2" name="Default test" tests="1" failures="0" timestamp="2022-12-22T23:37:39 PST" time="3.352" errors="0">
  <testcase name="testUniversity_3" time="1.03" classname="com.university.tests.UniversityTest"/>
  <testcase name="testUniversity_1usernames" time="0.0" classname="com.university.tests.UniversityTest">
    <ignored/>
  </testcase> <!-- testUniversity_1usernames -->
  <testcase name="testUniversity_2student" time="0.0" classname="com.university.tests.UniversityTest">
    <ignored/>
  </testcase> <!-- testUniversity_2student -->
</testsuite> <!-- Default test -->
