<?xml version="1.0" encoding="UTF-8"?>
<!-- Generated by org.testng.reporters.JUnitXMLReporter -->
<testsuite ignored="0" hostname="Sujatas-MacBook-Air.local" failures="0" tests="3" name="Default test" time="57.904" errors="0" timestamp="01 Jan 2023 00:59:51 GMT">
  <testcase classname="com.tests.GoogleSearchTests2" name="searchTest21" time="6.345"/>
  <testcase classname="com.tests.GoogleSearchTests2" name="searchTest22" time="6.844"/>
  <testcase classname="com.tests.GoogleSearchTests2" name="searchTest23" time="0.016">
    <skipped/>
  </testcase> <!-- searchTest23 -->
</testsuite> <!-- Default test -->
