<?xml version="1.0" encoding="UTF-8"?>
<!-- Generated by org.testng.reporters.JUnitXMLReporter -->
<testsuite ignored="0" hostname="Sujatas-MacBook-Air.local" failures="0" tests="4" name="Test_ParallelPkg" time="29.271" errors="0" timestamp="01 Jan 2023 02:02:48 GMT">
  <testcase classname="com.tests.GoogleSearchTests1" name="searchTest1" time="0.62"/>
  <testcase classname="com.tests.GoogleSearchTests2" name="searchTest21" time="0.527"/>
  <testcase classname="com.tests.GoogleSearchTests2" name="searchTest22" time="0.532"/>
  <testcase classname="com.tests.GoogleSearchTests2" name="searchTest23" time="0.004">
    <skipped/>
  </testcase> <!-- searchTest23 -->
</testsuite> <!-- Test_ParallelPkg -->
