<?xml version="1.0" encoding="UTF-8"?>
<!-- Generated by org.testng.reporters.JUnitXMLReporter -->
<testsuite ignored="0" hostname="Sujatas-MacBook-Air.local" failures="0" tests="4" name="Test_ParallelPkg" time="26.729" errors="0" timestamp="02 Jan 2023 07:34:30 GMT">
  <testcase classname="com.tests.GoogleSearchTests1" name="searchTest1" time="0.47"/>
  <testcase classname="com.tests.GoogleSearchTests2" name="searchTest21" time="0.443"/>
  <testcase classname="com.tests.GoogleSearchTests2" name="searchTest22" time="0.441"/>
  <testcase classname="com.tests.GoogleSearchTests2" name="searchTest23" time="0.003">
    <skipped/>
  </testcase> <!-- searchTest23 -->
</testsuite> <!-- Test_ParallelPkg -->
