<?xml version="1.0" encoding="UTF-8"?>
<testng-results ignored="1" total="8" passed="7" failed="0" skipped="0">
  <reporter-output>
  </reporter-output>
  <suite started-at="2023-01-03T22:47:02Z" name="UniSuite" finished-at="2023-01-03T22:47:03Z" duration-ms="768">
    <groups>
    </groups>
    <test started-at="2023-01-03T22:47:02Z" name="Test" finished-at="2023-01-03T22:47:03Z" duration-ms="768">
      <class name="com.university.tests.StudentTest">
        <test-method is-config="true" signature="loadData()[pri:0, instance:com.university.tests.StudentTest@74455848]" started-at="2023-01-03T22:47:02Z" name="loadData" finished-at="2023-01-03T22:47:03Z" duration-ms="469" status="PASS">
          <reporter-output>
          </reporter-output>
        </test-method> <!-- loadData -->
        <test-method signature="testStudentUniversity_1()[pri:0, instance:com.university.tests.StudentTest@74455848]" started-at="2023-01-03T22:47:03Z" name="testStudentUniversity_1" finished-at="2023-01-03T22:47:03Z" duration-ms="221" status="PASS">
          <reporter-output>
          </reporter-output>
        </test-method> <!-- testStudentUniversity_1 -->
        <test-method signature="testStudentUniversity_2()[pri:0, instance:com.university.tests.StudentTest@74455848]" started-at="2023-01-03T22:47:03Z" name="testStudentUniversity_2" finished-at="2023-01-03T22:47:03Z" duration-ms="12" status="PASS">
          <reporter-output>
          </reporter-output>
        </test-method> <!-- testStudentUniversity_2 -->
        <test-method signature="testStudentUniversity_3counts()[pri:0, instance:com.university.tests.StudentTest@74455848]" started-at="2023-01-03T22:47:03Z" name="testStudentUniversity_3counts" finished-at="2023-01-03T22:47:03Z" duration-ms="16" status="PASS">
          <reporter-output>
          </reporter-output>
        </test-method> <!-- testStudentUniversity_3counts -->
        <test-method signature="testStudentUniversity_4All()[pri:0, instance:com.university.tests.StudentTest@74455848]" started-at="2023-01-03T22:47:03Z" name="testStudentUniversity_4All" finished-at="2023-01-03T22:47:03Z" duration-ms="10" status="PASS">
          <reporter-output>
          </reporter-output>
        </test-method> <!-- testStudentUniversity_4All -->
      </class> <!-- com.university.tests.StudentTest -->
      <class name="com.university.tests.UniversityTest">
        <test-method signature="testUniversity_1usernames()[pri:0, instance:com.university.tests.UniversityTest@e7edb54]" started-at="2023-01-03T22:47:03Z" name="testUniversity_1usernames" finished-at="2023-01-03T22:47:03Z" duration-ms="5" status="PASS">
          <reporter-output>
          </reporter-output>
        </test-method> <!-- testUniversity_1usernames -->
        <test-method signature="testUniversity_2student()[pri:0, instance:com.university.tests.UniversityTest@e7edb54]" started-at="2023-01-03T22:47:03Z" name="testUniversity_2student" finished-at="2023-01-03T22:47:03Z" duration-ms="17" status="PASS">
          <reporter-output>
          </reporter-output>
        </test-method> <!-- testUniversity_2student -->
        <test-method signature="testUniversity_3()[pri:0, instance:com.university.tests.UniversityTest@e7edb54]" started-at="2023-01-03T22:47:03Z" name="testUniversity_3" finished-at="2023-01-03T22:47:03Z" duration-ms="13" status="PASS">
          <reporter-output>
          </reporter-output>
        </test-method> <!-- testUniversity_3 -->
      </class> <!-- com.university.tests.UniversityTest -->
    </test> <!-- Test -->
  </suite> <!-- UniSuite -->
</testng-results>
